\BOOKMARK [0][-]{section*.2}{摘 要}{}% 1
\BOOKMARK [0][-]{section*.4}{Abstract}{}% 2
\BOOKMARK [0][-]{section*.5}{目 录}{}% 3
\BOOKMARK [0][-]{section*.7}{图形列表}{}% 4
\BOOKMARK [0][-]{section*.9}{表格列表}{}% 5
\BOOKMARK [0][-]{section*.12}{符号列表}{}% 6
\BOOKMARK [0][-]{chapter.1}{第1章  绪论}{}% 7
\BOOKMARK [1][-]{section.1.1}{1.1 冷原子概述}{chapter.1}% 8
\BOOKMARK [1][-]{section.1.2}{1.2 费米子少体体系}{chapter.1}% 9
\BOOKMARK [2][-]{subsection.1.2.1}{1.2.1 费米少体实验}{section.1.2}% 10
\BOOKMARK [2][-]{subsection.1.2.2}{1.2.2 费米少体理论}{section.1.2}% 11
\BOOKMARK [1][-]{section.1.3}{1.3 自旋交换相互作用}{chapter.1}% 12
\BOOKMARK [1][-]{section.1.4}{1.4 极化子理论与实验}{chapter.1}% 13
\BOOKMARK [2][-]{subsection.1.4.1}{1.4.1 极化子实验}{section.1.4}% 14
\BOOKMARK [2][-]{subsection.1.4.2}{1.4.2 极化子理论}{section.1.4}% 15
\BOOKMARK [1][-]{section.1.5}{1.5 本征热化假说}{chapter.1}% 16
\BOOKMARK [0][-]{chapter.2}{第2章  自旋交换相互作用体系少体精确解}{}% 17
\BOOKMARK [1][-]{section.2.1}{2.1 引言}{chapter.2}% 18
\BOOKMARK [1][-]{section.2.2}{2.2 模型与计算}{chapter.2}% 19
\BOOKMARK [2][-]{subsection.2.2.1}{2.2.1 1+N体系哈密顿量}{section.2.2}% 20
\BOOKMARK [2][-]{subsection.2.2.2}{2.2.2 一个杂质与一个费米子}{section.2.2}% 21
\BOOKMARK [2][-]{subsection.2.2.3}{2.2.3 一个杂质与两个费米子}{section.2.2}% 22
\BOOKMARK [1][-]{section.2.3}{2.3 结果}{chapter.2}% 23
\BOOKMARK [2][-]{subsection.2.3.1}{2.3.1 一个杂质与一个费米子}{section.2.3}% 24
\BOOKMARK [2][-]{subsection.2.3.2}{2.3.2 一个杂质与两个费米子}{section.2.3}% 25
\BOOKMARK [2][-]{subsection.2.3.3}{2.3.3 多体扩展}{section.2.3}% 26
\BOOKMARK [1][-]{section.2.4}{2.4 实验观测}{chapter.2}% 27
\BOOKMARK [1][-]{section.2.5}{2.5 小结}{chapter.2}% 28
\BOOKMARK [0][-]{chapter.3}{第3章  极化子-分子转变的本质}{}% 29
\BOOKMARK [1][-]{section.3.1}{3.1 引言}{chapter.3}% 30
\BOOKMARK [1][-]{section.3.2}{3.2 模型}{chapter.3}% 31
\BOOKMARK [1][-]{section.3.3}{3.3 结果}{chapter.3}% 32
\BOOKMARK [2][-]{subsection.3.3.1}{3.3.1\0403D}{section.3.3}% 33
\BOOKMARK [2][-]{subsection.3.3.2}{3.3.2\0402D}{section.3.3}% 34
\BOOKMARK [2][-]{subsection.3.3.3}{3.3.3\0401D}{section.3.3}% 35
\BOOKMARK [2][-]{subsection.3.3.4}{3.3.4 实际体系中的极化子-分子共存}{section.3.3}% 36
\BOOKMARK [1][-]{section.3.4}{3.4 小结与展望}{chapter.3}% 37
\BOOKMARK [0][-]{chapter.4}{第4章  热化中的反常动力学}{}% 38
\BOOKMARK [1][-]{section.4.1}{4.1 概述}{chapter.4}% 39
\BOOKMARK [1][-]{section.4.2}{4.2 模型与方法}{chapter.4}% 40
\BOOKMARK [2][-]{subsection.4.2.1}{4.2.1 对称性}{section.4.2}% 41
\BOOKMARK [2][-]{subsection.4.2.2}{4.2.2 时间平均与系综平均}{section.4.2}% 42
\BOOKMARK [1][-]{section.4.3}{4.3 相图与分析}{chapter.4}% 43
\BOOKMARK [1][-]{section.4.4}{4.4 总结与展望}{chapter.4}% 44
\BOOKMARK [0][-]{chapter.5}{第5章  总结与展望}{}% 45
\BOOKMARK [1][-]{section.5.1}{5.1 总结}{chapter.5}% 46
\BOOKMARK [1][-]{section.5.2}{5.2 展望}{chapter.5}% 47
\BOOKMARK [2][-]{subsection.5.2.1}{5.2.1 少体物理}{section.5.2}% 48
\BOOKMARK [2][-]{subsection.5.2.2}{5.2.2 极化子}{section.5.2}% 49
\BOOKMARK [0][-]{appendix.A}{附录 A  中国科学院大学学位论文撰写要求}{}% 50
\BOOKMARK [1][-]{section.A.1}{A.1 论文无附录者无需附录部分}{appendix.A}% 51
\BOOKMARK [1][-]{section.A.2}{A.2 测试公式编号 Λ,λ,θ,,SNN}{appendix.A}% 52
\BOOKMARK [0][-]{section*.58}{参考文献}{}% 53
\BOOKMARK [0][-]{appendix*.60}{致谢}{}% 54
\BOOKMARK [0][-]{appendix*.61}{作者简历及攻读学位期间发表的学术论文与研究成果}{}% 55
